<?xml version="1.0" encoding="UTF-8"?>
<testsuite name="AverageTests" tests="1" skipped="0" failures="0" errors="0" timestamp="2023-09-21T09:40:44" hostname="BOOK-R6QGE85SSJ" time="0.003">
  <properties/>
  <testcase name="testSolution" classname="AverageTests" time="0.003"/>
  <system-out><![CDATA[]]></system-out>
  <system-err><![CDATA[]]></system-err>
</testsuite>
